<?xml version="1.0" encoding="UTF-8"?>
<testsuite xmlns:xsi="http://www.w3.org/2001/XMLSchema-instance" xsi:noNamespaceSchemaLocation="https://maven.apache.org/surefire/maven-surefire-plugin/xsd/surefire-test-report.xsd" name="com.ex.webapp.RequestDAOPostgresTests" time="7.842" tests="8" errors="0" skipped="0" failures="0">
  <properties>
[...]
</properties>
  <testcase name="shouldSubmitRequest" classname="com.ex.webapp.RequestDAOPostgresTests" time="0.789"/>
  <testcase name="shouldViewPendingRequests" classname="com.ex.webapp.RequestDAOPostgresTests" time="0.191"/>
  <testcase name="shouldViewResolvedRequestsByEmployeeId" classname="com.ex.webapp.RequestDAOPostgresTests" time="0.192"/>
  <testcase name="shouldDenyRequest" classname="com.ex.webapp.RequestDAOPostgresTests" time="0.962"/>
  <testcase name="shouldViewAllRequestsByEmployee" classname="com.ex.webapp.RequestDAOPostgresTests" time="4.307"/>
  <testcase name="shouldApproveRequest" classname="com.ex.webapp.RequestDAOPostgresTests" time="1.021"/>
  <testcase name="shouldViewPendingRequestsByEmployeeId" classname="com.ex.webapp.RequestDAOPostgresTests" time="0.184"/>
  <testcase name="shouldViewResolvedRequests" classname="com.ex.webapp.RequestDAOPostgresTests" time="0.189"/>
</testsuite>